02-13 14:04:18 com_github_MitjaNemec_ReplicateLayout.action_replicate_layout 409:Plugin executed on: 'darwin'
02-13 14:04:18 com_github_MitjaNemec_ReplicateLayout.action_replicate_layout 410:Plugin executed with python version: '3.9.13 (v3.9.13:6de2ca5339, May 17 2022, 11:37:23) \n[Clang 13.0.0 (clang-1300.0.29.30)]'
02-13 14:04:18 com_github_MitjaNemec_ReplicateLayout.action_replicate_layout 411:KiCad build version: 9.0.7
02-13 14:04:18 com_github_MitjaNemec_ReplicateLayout.action_replicate_layout 412:Plugin version: 4.0.3
02-13 14:04:18 com_github_MitjaNemec_ReplicateLayout.action_replicate_layout 413:Frame repr: <wx._core.Frame object at 0x1309ca3a0>
02-13 14:04:18 com_github_MitjaNemec_ReplicateLayout.action_replicate_layout 437:Preparing replicator with TP2 as a reference
02-13 14:04:18 com_github_MitjaNemec_ReplicateLayout.replicate_layout 117:getting a list of all footprints on board
02-13 14:04:18 com_github_MitjaNemec_ReplicateLayout.action_replicate_layout 485:source anchor footprint is 'TP2'
Located on: ['/phasedriver V/']
With filenames: ['schematics/phasedriver.kicad_sch']
With sheet_id:['/phasedriver V/']
02-13 14:04:18 com_github_MitjaNemec_ReplicateLayout.action_replicate_layout 492:Corresponding footprints are 
[('TP1', ['/phasedriver U/']), ('TP2', ['/phasedriver V/']), ('TP3', ['/phasedriver W/'])]
02-13 14:04:18 com_github_MitjaNemec_ReplicateLayout.action_replicate_layout 504:Showing dialog
02-13 14:04:18 com_github_MitjaNemec_ReplicateLayout.replicate_layout 472:constructing a list of sheets suitable for replication on level:'/phasedriver V/', file:'schematics/phasedriver.kicad_sch'
02-13 14:04:18 com_github_MitjaNemec_ReplicateLayout.replicate_layout 509:suitable sheets are:[['/phasedriver U/'], ['/phasedriver W/']]
02-13 14:04:18 com_github_MitjaNemec_ReplicateLayout.replicate_layout 1512:Level selected: ['/phasedriver V/']
02-13 14:04:18 com_github_MitjaNemec_ReplicateLayout.replicate_layout 1336:Filtering list of tracks
02-13 14:04:19 com_github_MitjaNemec_ReplicateLayout.action_replicate_layout 510:Toolbar position: wx.Point(-34, -356)
02-13 14:04:19 com_github_MitjaNemec_ReplicateLayout.action_replicate_layout 515:Dialog position: wx.Point(-473, -356)
02-13 14:04:22 com_github_MitjaNemec_ReplicateLayout.replicate_layout 472:constructing a list of sheets suitable for replication on level:'/phasedriver V/', file:'schematics/phasedriver.kicad_sch'
02-13 14:04:22 com_github_MitjaNemec_ReplicateLayout.replicate_layout 509:suitable sheets are:[['/phasedriver U/'], ['/phasedriver W/']]
02-13 14:04:22 com_github_MitjaNemec_ReplicateLayout.action_replicate_layout 248:Replicating layout
02-13 14:04:22 com_github_MitjaNemec_ReplicateLayout.replicate_layout 288:Starting replication of sheets: [['/phasedriver U/'], ['/phasedriver W/']]
on level: ['/phasedriver V/']
with tracks=True, zone=True, text=True, text=True, intersecting=False, remove=True, locked footprints=False, group_only=False
02-13 14:04:22 root 340:updating GUI message: 'Preparing for replication'
02-13 14:04:22 root 345:updating GUI with: 0
02-13 14:04:22 com_github_MitjaNemec_ReplicateLayout.replicate_layout 358:Getting the list of source footprints
02-13 14:04:22 root 345:updating GUI with: 0
02-13 14:04:22 com_github_MitjaNemec_ReplicateLayout.replicate_layout 368:Getting the list of all the remaining footprints
02-13 14:04:22 com_github_MitjaNemec_ReplicateLayout.replicate_layout 375:Getting source tracks
02-13 14:04:22 com_github_MitjaNemec_ReplicateLayout.replicate_layout 1336:Filtering list of tracks
02-13 14:04:22 com_github_MitjaNemec_ReplicateLayout.replicate_layout 379:Getting source zones
02-13 14:04:22 com_github_MitjaNemec_ReplicateLayout.replicate_layout 383:Getting source text items
02-13 14:04:22 com_github_MitjaNemec_ReplicateLayout.replicate_layout 387:Getting source drawing items
02-13 14:04:22 com_github_MitjaNemec_ReplicateLayout.replicate_layout 320:Removing tracks and zones, before footprint placement
02-13 14:04:22 root 340:updating GUI message: 'Removing zones and tracks'
02-13 14:04:22 com_github_MitjaNemec_ReplicateLayout.replicate_layout 1282:Remove bounding box top:71475000, bottom:103755000, Left:150075000, Right:169305000
02-13 14:04:22 com_github_MitjaNemec_ReplicateLayout.replicate_layout 1282:Remove bounding box top:71475000, bottom:103755000, Left:190075000, Right:209305000
02-13 14:04:22 root 340:updating GUI message: 'Replicating footprints'
02-13 14:04:22 root 345:updating GUI with: 0
02-13 14:04:22 com_github_MitjaNemec_ReplicateLayout.replicate_layout 863:Replicating footprints
02-13 14:04:22 com_github_MitjaNemec_ReplicateLayout.replicate_layout 870:Replicating footprints on sheet ['/phasedriver U/']
02-13 14:04:22 com_github_MitjaNemec_ReplicateLayout.replicate_layout 835:Src fp.id: '4D63A90E-050C-4157-89D3-E0876F28DE51'
02-13 14:04:22 com_github_MitjaNemec_ReplicateLayout.replicate_layout 839:Dst fp.id: '4D63A90E-050C-4157-89D3-E0876F28DE51'
02-13 14:04:22 com_github_MitjaNemec_ReplicateLayout.replicate_layout 888:Replicating footprint: 'U6'
02-13 14:04:22 com_github_MitjaNemec_ReplicateLayout.replicate_layout 835:Src fp.id: '89EB610E-1051-4D62-AAE9-65B5CBF13B8D'
02-13 14:04:22 com_github_MitjaNemec_ReplicateLayout.replicate_layout 839:Dst fp.id: '89EB610E-1051-4D62-AAE9-65B5CBF13B8D'
02-13 14:04:22 com_github_MitjaNemec_ReplicateLayout.replicate_layout 895:found match in dst footprint: 'U4'
02-13 14:04:22 com_github_MitjaNemec_ReplicateLayout.replicate_layout 990:Src text UUid:4a8622b2-a2bc-49ea-88fa-ad55aca7c455
02-13 14:04:22 com_github_MitjaNemec_ReplicateLayout.replicate_layout 991:Dst text UUid:74023346-2034-4793-82d5-270c90c86312
02-13 14:04:22 com_github_MitjaNemec_ReplicateLayout.replicate_layout 990:Src text UUid:b9d214e6-c24c-4a1a-8e20-acd3557419a6
02-13 14:04:22 com_github_MitjaNemec_ReplicateLayout.replicate_layout 991:Dst text UUid:d5c461ef-3b85-489c-9537-09db1dd323dd
02-13 14:04:22 com_github_MitjaNemec_ReplicateLayout.replicate_layout 990:Src text UUid:d6ba1168-5838-4eb5-9ffe-08fec68d337d
02-13 14:04:22 com_github_MitjaNemec_ReplicateLayout.replicate_layout 991:Dst text UUid:e026be69-5c37-4b30-88bd-599277a498fd
02-13 14:04:22 com_github_MitjaNemec_ReplicateLayout.replicate_layout 888:Replicating footprint: 'R13'
02-13 14:04:22 com_github_MitjaNemec_ReplicateLayout.replicate_layout 835:Src fp.id: '3655591F-F9CC-44C9-A757-D9E783583EDA'
02-13 14:04:22 com_github_MitjaNemec_ReplicateLayout.replicate_layout 839:Dst fp.id: '3655591F-F9CC-44C9-A757-D9E783583EDA'
02-13 14:04:22 com_github_MitjaNemec_ReplicateLayout.replicate_layout 895:found match in dst footprint: 'R10'
02-13 14:04:22 com_github_MitjaNemec_ReplicateLayout.replicate_layout 990:Src text UUid:b7a44567-d3df-4479-b753-b4ab1be050e3
02-13 14:04:22 com_github_MitjaNemec_ReplicateLayout.replicate_layout 991:Dst text UUid:ecbb3a73-9205-4b34-8233-86462d196bdd
02-13 14:04:22 com_github_MitjaNemec_ReplicateLayout.replicate_layout 990:Src text UUid:4335cf39-9e5c-4f08-997a-54ad808b5131
02-13 14:04:22 com_github_MitjaNemec_ReplicateLayout.replicate_layout 991:Dst text UUid:fe39c80d-960f-413e-93dd-0ae84ce301a5
02-13 14:04:22 com_github_MitjaNemec_ReplicateLayout.replicate_layout 990:Src text UUid:c14a5623-709a-41ed-8e49-214ce080293a
02-13 14:04:22 com_github_MitjaNemec_ReplicateLayout.replicate_layout 991:Dst text UUid:176777a8-8a46-4f2c-b9c3-0223bb75c140
02-13 14:04:22 com_github_MitjaNemec_ReplicateLayout.replicate_layout 888:Replicating footprint: 'R12'
02-13 14:04:22 com_github_MitjaNemec_ReplicateLayout.replicate_layout 835:Src fp.id: 'DB1B3067-BD49-49B2-A57B-40FF0819290C'
02-13 14:04:22 com_github_MitjaNemec_ReplicateLayout.replicate_layout 839:Dst fp.id: 'DB1B3067-BD49-49B2-A57B-40FF0819290C'
02-13 14:04:22 com_github_MitjaNemec_ReplicateLayout.replicate_layout 895:found match in dst footprint: 'R9'
02-13 14:04:22 com_github_MitjaNemec_ReplicateLayout.replicate_layout 990:Src text UUid:76fd04bf-ebfb-45f1-9082-81bb1ecf11b4
02-13 14:04:22 com_github_MitjaNemec_ReplicateLayout.replicate_layout 991:Dst text UUid:a7c6412d-96d2-4199-8fb3-087d2356f7ce
02-13 14:04:22 com_github_MitjaNemec_ReplicateLayout.replicate_layout 990:Src text UUid:6c90545a-8b0b-48f9-8753-a21c2bed72c9
02-13 14:04:22 com_github_MitjaNemec_ReplicateLayout.replicate_layout 991:Dst text UUid:07740862-2623-4363-b553-8b1c437bf78c
02-13 14:04:22 com_github_MitjaNemec_ReplicateLayout.replicate_layout 990:Src text UUid:f60145c1-0e75-4f5b-9f4b-5fb292392388
02-13 14:04:22 com_github_MitjaNemec_ReplicateLayout.replicate_layout 991:Dst text UUid:7a9d28e5-a976-4ed2-be28-aadcf8d9e4bf
02-13 14:04:22 com_github_MitjaNemec_ReplicateLayout.replicate_layout 888:Replicating footprint: 'C21'
02-13 14:04:22 com_github_MitjaNemec_ReplicateLayout.replicate_layout 835:Src fp.id: 'C3170BC2-14F6-4EE9-9309-6AA5A19F3810'
02-13 14:04:22 com_github_MitjaNemec_ReplicateLayout.replicate_layout 839:Dst fp.id: 'C3170BC2-14F6-4EE9-9309-6AA5A19F3810'
02-13 14:04:22 com_github_MitjaNemec_ReplicateLayout.replicate_layout 895:found match in dst footprint: 'C17'
02-13 14:04:22 com_github_MitjaNemec_ReplicateLayout.replicate_layout 990:Src text UUid:a5436001-a4f4-4b93-8e19-7c8a99772cff
02-13 14:04:22 com_github_MitjaNemec_ReplicateLayout.replicate_layout 991:Dst text UUid:5e2f74f5-70eb-4c31-ba19-c60a8c2fe486
02-13 14:04:22 com_github_MitjaNemec_ReplicateLayout.replicate_layout 990:Src text UUid:5e2590eb-2592-4bce-8404-09ee8c5a3fef
02-13 14:04:22 com_github_MitjaNemec_ReplicateLayout.replicate_layout 991:Dst text UUid:31818a32-4a82-411d-b8d0-1c57e3ad87ac
02-13 14:04:22 com_github_MitjaNemec_ReplicateLayout.replicate_layout 990:Src text UUid:b1a7b191-27c8-4f8b-8910-3349ea5fbc3a
02-13 14:04:22 com_github_MitjaNemec_ReplicateLayout.replicate_layout 991:Dst text UUid:5951e523-cab0-44b5-af9d-2b8c9056394f
02-13 14:04:22 com_github_MitjaNemec_ReplicateLayout.replicate_layout 888:Replicating footprint: 'C22'
02-13 14:04:22 com_github_MitjaNemec_ReplicateLayout.replicate_layout 835:Src fp.id: '874D2A50-76F6-4807-842A-A66412853419'
02-13 14:04:22 com_github_MitjaNemec_ReplicateLayout.replicate_layout 839:Dst fp.id: '874D2A50-76F6-4807-842A-A66412853419'
02-13 14:04:22 com_github_MitjaNemec_ReplicateLayout.replicate_layout 895:found match in dst footprint: 'C18'
02-13 14:04:22 com_github_MitjaNemec_ReplicateLayout.replicate_layout 990:Src text UUid:ddbcf641-621f-4c88-ad52-50d3a7c92faf
02-13 14:04:22 com_github_MitjaNemec_ReplicateLayout.replicate_layout 991:Dst text UUid:1d3cc823-f5a3-453c-82e5-17ac8703aee3
02-13 14:04:22 com_github_MitjaNemec_ReplicateLayout.replicate_layout 990:Src text UUid:39606f35-0127-4dc8-8757-758331b408a1
02-13 14:04:22 com_github_MitjaNemec_ReplicateLayout.replicate_layout 991:Dst text UUid:2aa29a87-d680-49f9-81cd-6afebc504a6d
02-13 14:04:22 com_github_MitjaNemec_ReplicateLayout.replicate_layout 990:Src text UUid:03ba1999-e985-4ee6-bf7c-d8ffaf74b3e2
02-13 14:04:22 com_github_MitjaNemec_ReplicateLayout.replicate_layout 991:Dst text UUid:b1ea1b58-fea9-4125-9a82-6d76c418075c
02-13 14:04:22 com_github_MitjaNemec_ReplicateLayout.replicate_layout 888:Replicating footprint: 'U5'
02-13 14:04:22 com_github_MitjaNemec_ReplicateLayout.replicate_layout 835:Src fp.id: '4C3693DF-CFC2-464C-8861-194331F96886'
02-13 14:04:22 com_github_MitjaNemec_ReplicateLayout.replicate_layout 839:Dst fp.id: '4C3693DF-CFC2-464C-8861-194331F96886'
02-13 14:04:22 com_github_MitjaNemec_ReplicateLayout.replicate_layout 895:found match in dst footprint: 'U3'
02-13 14:04:22 com_github_MitjaNemec_ReplicateLayout.replicate_layout 990:Src text UUid:02479059-538a-485f-a959-dd3f885bfde4
02-13 14:04:22 com_github_MitjaNemec_ReplicateLayout.replicate_layout 991:Dst text UUid:d166427a-0610-433d-b453-885ef3e1524b
02-13 14:04:22 com_github_MitjaNemec_ReplicateLayout.replicate_layout 990:Src text UUid:eaa1531b-e47b-4be8-bac8-29f5804ce458
02-13 14:04:22 com_github_MitjaNemec_ReplicateLayout.replicate_layout 991:Dst text UUid:74232529-1c69-4cfe-9d3d-7414a75e7799
02-13 14:04:22 com_github_MitjaNemec_ReplicateLayout.replicate_layout 990:Src text UUid:f8553d32-01d1-4743-9af6-0c2f58a934c8
02-13 14:04:22 com_github_MitjaNemec_ReplicateLayout.replicate_layout 991:Dst text UUid:d0bdd19f-76b4-4c1f-a405-d20d8303ba42
02-13 14:04:22 com_github_MitjaNemec_ReplicateLayout.replicate_layout 888:Replicating footprint: 'TP2'
02-13 14:04:22 com_github_MitjaNemec_ReplicateLayout.replicate_layout 835:Src fp.id: '4D63A90E-050C-4157-89D3-E0876F28DE51'
02-13 14:04:22 com_github_MitjaNemec_ReplicateLayout.replicate_layout 839:Dst fp.id: '4D63A90E-050C-4157-89D3-E0876F28DE51'
02-13 14:04:22 com_github_MitjaNemec_ReplicateLayout.replicate_layout 895:found match in dst footprint: 'TP1'
02-13 14:04:22 com_github_MitjaNemec_ReplicateLayout.replicate_layout 990:Src text UUid:e5157a60-42cd-41dd-8904-d75f2d4b44cc
02-13 14:04:22 com_github_MitjaNemec_ReplicateLayout.replicate_layout 991:Dst text UUid:53e58505-5a9a-4792-b7ad-63519eca16b8
02-13 14:04:22 com_github_MitjaNemec_ReplicateLayout.replicate_layout 990:Src text UUid:61946b50-54a1-45da-8ba2-061feeae0431
02-13 14:04:22 com_github_MitjaNemec_ReplicateLayout.replicate_layout 991:Dst text UUid:c7f57ef0-f1a6-4aab-b818-ddbe4a8e8aad
02-13 14:04:22 com_github_MitjaNemec_ReplicateLayout.replicate_layout 990:Src text UUid:bf84df5e-3920-4fd4-9b2c-9f7afccb972e
02-13 14:04:22 com_github_MitjaNemec_ReplicateLayout.replicate_layout 991:Dst text UUid:1d8732e2-2358-4eb2-9910-efb7d135a369
02-13 14:04:22 com_github_MitjaNemec_ReplicateLayout.replicate_layout 888:Replicating footprint: 'Q3'
02-13 14:04:22 com_github_MitjaNemec_ReplicateLayout.replicate_layout 835:Src fp.id: '2E36414A-D061-4EFC-9DA9-EB5F15893852'
02-13 14:04:22 com_github_MitjaNemec_ReplicateLayout.replicate_layout 839:Dst fp.id: '2E36414A-D061-4EFC-9DA9-EB5F15893852'
02-13 14:04:22 com_github_MitjaNemec_ReplicateLayout.replicate_layout 895:found match in dst footprint: 'Q1'
02-13 14:04:22 com_github_MitjaNemec_ReplicateLayout.replicate_layout 990:Src text UUid:f025c712-3fbc-48c6-805c-bbfddfa2ed87
02-13 14:04:22 com_github_MitjaNemec_ReplicateLayout.replicate_layout 991:Dst text UUid:d10a0353-e1bf-44f3-a777-7213401a62a7
02-13 14:04:22 com_github_MitjaNemec_ReplicateLayout.replicate_layout 990:Src text UUid:17d39770-7437-4b99-95cf-1b0dfe25a14a
02-13 14:04:22 com_github_MitjaNemec_ReplicateLayout.replicate_layout 991:Dst text UUid:90b2a2ff-385c-4f48-94d9-8971e3df8d24
02-13 14:04:22 com_github_MitjaNemec_ReplicateLayout.replicate_layout 990:Src text UUid:b0c84fb5-40cd-42ed-96ea-d129b4acb499
02-13 14:04:22 com_github_MitjaNemec_ReplicateLayout.replicate_layout 991:Dst text UUid:fcb048fd-cea1-45f4-9719-d45a88b8283a
02-13 14:04:22 com_github_MitjaNemec_ReplicateLayout.replicate_layout 888:Replicating footprint: 'R11'
02-13 14:04:22 com_github_MitjaNemec_ReplicateLayout.replicate_layout 835:Src fp.id: '6F4B9C74-087D-4EBA-824F-0142323F4C27'
02-13 14:04:22 com_github_MitjaNemec_ReplicateLayout.replicate_layout 839:Dst fp.id: '6F4B9C74-087D-4EBA-824F-0142323F4C27'
02-13 14:04:22 com_github_MitjaNemec_ReplicateLayout.replicate_layout 895:found match in dst footprint: 'R8'
02-13 14:04:22 com_github_MitjaNemec_ReplicateLayout.replicate_layout 990:Src text UUid:11d8dcf5-ad22-49ab-8b8a-ef950f17f211
02-13 14:04:22 com_github_MitjaNemec_ReplicateLayout.replicate_layout 991:Dst text UUid:60ba3cb6-0bf7-4c2f-b091-f4c169e7ff77
02-13 14:04:22 com_github_MitjaNemec_ReplicateLayout.replicate_layout 990:Src text UUid:ca721c28-5b05-479d-bb78-686523053fb6
02-13 14:04:22 com_github_MitjaNemec_ReplicateLayout.replicate_layout 991:Dst text UUid:22c780e9-7d1a-4189-adb4-d4c0e2349107
02-13 14:04:22 com_github_MitjaNemec_ReplicateLayout.replicate_layout 990:Src text UUid:2802bced-0041-45cd-9737-3863fbbbf888
02-13 14:04:22 com_github_MitjaNemec_ReplicateLayout.replicate_layout 991:Dst text UUid:f9b2419f-6f83-4bd5-b931-4acb79384a2c
02-13 14:04:22 com_github_MitjaNemec_ReplicateLayout.replicate_layout 888:Replicating footprint: 'C23'
02-13 14:04:22 com_github_MitjaNemec_ReplicateLayout.replicate_layout 835:Src fp.id: '3CAEE432-BA47-4995-A979-D9F7673E25E2'
02-13 14:04:22 com_github_MitjaNemec_ReplicateLayout.replicate_layout 839:Dst fp.id: '3CAEE432-BA47-4995-A979-D9F7673E25E2'
02-13 14:04:22 com_github_MitjaNemec_ReplicateLayout.replicate_layout 895:found match in dst footprint: 'C19'
02-13 14:04:22 com_github_MitjaNemec_ReplicateLayout.replicate_layout 990:Src text UUid:9eb59be7-288c-4e5b-b5de-d85692ddd1b8
02-13 14:04:22 com_github_MitjaNemec_ReplicateLayout.replicate_layout 991:Dst text UUid:35b333b3-6444-4669-91d4-60719afbe632
02-13 14:04:22 com_github_MitjaNemec_ReplicateLayout.replicate_layout 990:Src text UUid:406b792c-536c-41e2-8d94-8c5b2d58cc4d
02-13 14:04:22 com_github_MitjaNemec_ReplicateLayout.replicate_layout 991:Dst text UUid:eb6a80d6-9959-4da0-b3a3-280ac0e442b1
02-13 14:04:22 com_github_MitjaNemec_ReplicateLayout.replicate_layout 990:Src text UUid:5d048a59-0f7b-4a6a-b524-675faa49e671
02-13 14:04:22 com_github_MitjaNemec_ReplicateLayout.replicate_layout 991:Dst text UUid:db7e4d1e-e927-4313-a614-8f28810bce7b
02-13 14:04:22 com_github_MitjaNemec_ReplicateLayout.replicate_layout 888:Replicating footprint: 'Q4'
02-13 14:04:22 com_github_MitjaNemec_ReplicateLayout.replicate_layout 835:Src fp.id: '67EA12B6-B805-4F81-89B9-0FD7057DBA91'
02-13 14:04:22 com_github_MitjaNemec_ReplicateLayout.replicate_layout 839:Dst fp.id: '67EA12B6-B805-4F81-89B9-0FD7057DBA91'
02-13 14:04:22 com_github_MitjaNemec_ReplicateLayout.replicate_layout 895:found match in dst footprint: 'Q2'
02-13 14:04:22 com_github_MitjaNemec_ReplicateLayout.replicate_layout 990:Src text UUid:a5fca174-cd00-41de-ae37-d327320c633d
02-13 14:04:22 com_github_MitjaNemec_ReplicateLayout.replicate_layout 991:Dst text UUid:8f01af9c-a58e-4089-8163-ed9dcf467ce3
02-13 14:04:22 com_github_MitjaNemec_ReplicateLayout.replicate_layout 990:Src text UUid:4e1fa266-fb25-40d3-a5e3-57cf8107d0af
02-13 14:04:22 com_github_MitjaNemec_ReplicateLayout.replicate_layout 991:Dst text UUid:cc613226-205e-4d9f-a261-b4c2a79921ff
02-13 14:04:22 com_github_MitjaNemec_ReplicateLayout.replicate_layout 990:Src text UUid:337a118e-ac6b-4e95-810e-ab8cd05623ec
02-13 14:04:22 com_github_MitjaNemec_ReplicateLayout.replicate_layout 991:Dst text UUid:5afc91cd-7511-4733-9fc2-744967812910
02-13 14:04:22 com_github_MitjaNemec_ReplicateLayout.replicate_layout 888:Replicating footprint: 'D2'
02-13 14:04:22 com_github_MitjaNemec_ReplicateLayout.replicate_layout 835:Src fp.id: '699E7F58-0447-43C1-9217-61744EB1FBAE'
02-13 14:04:22 com_github_MitjaNemec_ReplicateLayout.replicate_layout 839:Dst fp.id: '699E7F58-0447-43C1-9217-61744EB1FBAE'
02-13 14:04:22 com_github_MitjaNemec_ReplicateLayout.replicate_layout 895:found match in dst footprint: 'D1'
02-13 14:04:22 com_github_MitjaNemec_ReplicateLayout.replicate_layout 990:Src text UUid:c281ff80-51b9-43fd-82ad-1df214ba60ca
02-13 14:04:22 com_github_MitjaNemec_ReplicateLayout.replicate_layout 991:Dst text UUid:4afe9ac2-511a-438f-a9f5-29a64f2b2fb6
02-13 14:04:22 com_github_MitjaNemec_ReplicateLayout.replicate_layout 990:Src text UUid:a1bbb03b-42ab-4bb9-8600-3cc53ca62ae7
02-13 14:04:22 com_github_MitjaNemec_ReplicateLayout.replicate_layout 991:Dst text UUid:7367f7ff-756b-4c04-8f84-85bd97a59cd1
02-13 14:04:22 com_github_MitjaNemec_ReplicateLayout.replicate_layout 990:Src text UUid:77969add-278e-4143-b114-b663af7e29b4
02-13 14:04:22 com_github_MitjaNemec_ReplicateLayout.replicate_layout 991:Dst text UUid:08db9cad-c681-45cd-9e7a-1780133a64b7
02-13 14:04:22 com_github_MitjaNemec_ReplicateLayout.replicate_layout 888:Replicating footprint: 'C20'
02-13 14:04:22 com_github_MitjaNemec_ReplicateLayout.replicate_layout 835:Src fp.id: 'EC1E3174-70AE-473F-B46C-5C990411F4CE'
02-13 14:04:22 com_github_MitjaNemec_ReplicateLayout.replicate_layout 839:Dst fp.id: 'EC1E3174-70AE-473F-B46C-5C990411F4CE'
02-13 14:04:22 com_github_MitjaNemec_ReplicateLayout.replicate_layout 895:found match in dst footprint: 'C16'
02-13 14:04:22 com_github_MitjaNemec_ReplicateLayout.replicate_layout 990:Src text UUid:f6d916d1-8536-458b-8df4-acb7fad1af7b
02-13 14:04:22 com_github_MitjaNemec_ReplicateLayout.replicate_layout 991:Dst text UUid:de01720c-d5fa-4465-8b77-d4109db381ba
02-13 14:04:22 com_github_MitjaNemec_ReplicateLayout.replicate_layout 990:Src text UUid:9e10be24-b1d1-406a-986b-8abce1640e72
02-13 14:04:22 com_github_MitjaNemec_ReplicateLayout.replicate_layout 991:Dst text UUid:0e2bba7d-8e41-411d-b8cb-c0f0f2c16827
02-13 14:04:22 com_github_MitjaNemec_ReplicateLayout.replicate_layout 990:Src text UUid:c061e934-5355-49df-9345-c96da63ea40c
02-13 14:04:22 com_github_MitjaNemec_ReplicateLayout.replicate_layout 991:Dst text UUid:ce02ffdd-5837-4152-a14d-dda54a4a140a
02-13 14:04:22 com_github_MitjaNemec_ReplicateLayout.replicate_layout 870:Replicating footprints on sheet ['/phasedriver W/']
02-13 14:04:22 com_github_MitjaNemec_ReplicateLayout.replicate_layout 835:Src fp.id: '4D63A90E-050C-4157-89D3-E0876F28DE51'
02-13 14:04:22 com_github_MitjaNemec_ReplicateLayout.replicate_layout 839:Dst fp.id: '4D63A90E-050C-4157-89D3-E0876F28DE51'
02-13 14:04:22 com_github_MitjaNemec_ReplicateLayout.replicate_layout 888:Replicating footprint: 'U6'
02-13 14:04:22 com_github_MitjaNemec_ReplicateLayout.replicate_layout 835:Src fp.id: '89EB610E-1051-4D62-AAE9-65B5CBF13B8D'
02-13 14:04:22 com_github_MitjaNemec_ReplicateLayout.replicate_layout 839:Dst fp.id: '89EB610E-1051-4D62-AAE9-65B5CBF13B8D'
02-13 14:04:22 com_github_MitjaNemec_ReplicateLayout.replicate_layout 895:found match in dst footprint: 'U8'
02-13 14:04:22 com_github_MitjaNemec_ReplicateLayout.replicate_layout 990:Src text UUid:4a8622b2-a2bc-49ea-88fa-ad55aca7c455
02-13 14:04:22 com_github_MitjaNemec_ReplicateLayout.replicate_layout 991:Dst text UUid:52d57288-c46b-486b-bdb6-00ebfa3dea0d
02-13 14:04:22 com_github_MitjaNemec_ReplicateLayout.replicate_layout 990:Src text UUid:b9d214e6-c24c-4a1a-8e20-acd3557419a6
02-13 14:04:22 com_github_MitjaNemec_ReplicateLayout.replicate_layout 991:Dst text UUid:65256f48-24c2-4c78-8e63-a2f65df48f6d
02-13 14:04:22 com_github_MitjaNemec_ReplicateLayout.replicate_layout 990:Src text UUid:d6ba1168-5838-4eb5-9ffe-08fec68d337d
02-13 14:04:22 com_github_MitjaNemec_ReplicateLayout.replicate_layout 991:Dst text UUid:2707a32a-2ce4-4c5b-b18f-1e600a9a4419
02-13 14:04:22 com_github_MitjaNemec_ReplicateLayout.replicate_layout 888:Replicating footprint: 'R13'
02-13 14:04:22 com_github_MitjaNemec_ReplicateLayout.replicate_layout 835:Src fp.id: '3655591F-F9CC-44C9-A757-D9E783583EDA'
02-13 14:04:22 com_github_MitjaNemec_ReplicateLayout.replicate_layout 839:Dst fp.id: '3655591F-F9CC-44C9-A757-D9E783583EDA'
02-13 14:04:22 com_github_MitjaNemec_ReplicateLayout.replicate_layout 895:found match in dst footprint: 'R16'
02-13 14:04:22 com_github_MitjaNemec_ReplicateLayout.replicate_layout 990:Src text UUid:b7a44567-d3df-4479-b753-b4ab1be050e3
02-13 14:04:22 com_github_MitjaNemec_ReplicateLayout.replicate_layout 991:Dst text UUid:3cc285c5-f20c-40bc-aaf2-e02e14407c2c
02-13 14:04:22 com_github_MitjaNemec_ReplicateLayout.replicate_layout 990:Src text UUid:4335cf39-9e5c-4f08-997a-54ad808b5131
02-13 14:04:22 com_github_MitjaNemec_ReplicateLayout.replicate_layout 991:Dst text UUid:4de1ccfa-a33f-45c0-acb0-049b3daf5653
02-13 14:04:22 com_github_MitjaNemec_ReplicateLayout.replicate_layout 990:Src text UUid:c14a5623-709a-41ed-8e49-214ce080293a
02-13 14:04:22 com_github_MitjaNemec_ReplicateLayout.replicate_layout 991:Dst text UUid:1844e68e-c336-4068-a885-597dcb055d6b
02-13 14:04:22 com_github_MitjaNemec_ReplicateLayout.replicate_layout 888:Replicating footprint: 'R12'
02-13 14:04:22 com_github_MitjaNemec_ReplicateLayout.replicate_layout 835:Src fp.id: 'DB1B3067-BD49-49B2-A57B-40FF0819290C'
02-13 14:04:22 com_github_MitjaNemec_ReplicateLayout.replicate_layout 839:Dst fp.id: 'DB1B3067-BD49-49B2-A57B-40FF0819290C'
02-13 14:04:22 com_github_MitjaNemec_ReplicateLayout.replicate_layout 895:found match in dst footprint: 'R15'
02-13 14:04:22 com_github_MitjaNemec_ReplicateLayout.replicate_layout 990:Src text UUid:76fd04bf-ebfb-45f1-9082-81bb1ecf11b4
02-13 14:04:22 com_github_MitjaNemec_ReplicateLayout.replicate_layout 991:Dst text UUid:602b596a-7551-4001-b500-21c1ba2f72ff
02-13 14:04:22 com_github_MitjaNemec_ReplicateLayout.replicate_layout 990:Src text UUid:6c90545a-8b0b-48f9-8753-a21c2bed72c9
02-13 14:04:22 com_github_MitjaNemec_ReplicateLayout.replicate_layout 991:Dst text UUid:4cdbe6fc-5efd-4ac4-99f5-cc3906e967ca
02-13 14:04:22 com_github_MitjaNemec_ReplicateLayout.replicate_layout 990:Src text UUid:f60145c1-0e75-4f5b-9f4b-5fb292392388
02-13 14:04:22 com_github_MitjaNemec_ReplicateLayout.replicate_layout 991:Dst text UUid:53abbb10-0f32-41e2-b110-b34074ecd9b9
02-13 14:04:22 com_github_MitjaNemec_ReplicateLayout.replicate_layout 888:Replicating footprint: 'C21'
02-13 14:04:22 com_github_MitjaNemec_ReplicateLayout.replicate_layout 835:Src fp.id: 'C3170BC2-14F6-4EE9-9309-6AA5A19F3810'
02-13 14:04:22 com_github_MitjaNemec_ReplicateLayout.replicate_layout 839:Dst fp.id: 'C3170BC2-14F6-4EE9-9309-6AA5A19F3810'
02-13 14:04:22 com_github_MitjaNemec_ReplicateLayout.replicate_layout 895:found match in dst footprint: 'C25'
02-13 14:04:22 com_github_MitjaNemec_ReplicateLayout.replicate_layout 990:Src text UUid:a5436001-a4f4-4b93-8e19-7c8a99772cff
02-13 14:04:22 com_github_MitjaNemec_ReplicateLayout.replicate_layout 991:Dst text UUid:ca8ec898-1748-4050-bf97-5b8792c9ad7a
02-13 14:04:22 com_github_MitjaNemec_ReplicateLayout.replicate_layout 990:Src text UUid:5e2590eb-2592-4bce-8404-09ee8c5a3fef
02-13 14:04:22 com_github_MitjaNemec_ReplicateLayout.replicate_layout 991:Dst text UUid:d3ce8878-6b05-49de-9412-45b2e8618622
02-13 14:04:22 com_github_MitjaNemec_ReplicateLayout.replicate_layout 990:Src text UUid:b1a7b191-27c8-4f8b-8910-3349ea5fbc3a
02-13 14:04:22 com_github_MitjaNemec_ReplicateLayout.replicate_layout 991:Dst text UUid:df873b43-7f38-4471-ae02-e71407d33adf
02-13 14:04:22 com_github_MitjaNemec_ReplicateLayout.replicate_layout 888:Replicating footprint: 'C22'
02-13 14:04:22 com_github_MitjaNemec_ReplicateLayout.replicate_layout 835:Src fp.id: '874D2A50-76F6-4807-842A-A66412853419'
02-13 14:04:22 com_github_MitjaNemec_ReplicateLayout.replicate_layout 839:Dst fp.id: '874D2A50-76F6-4807-842A-A66412853419'
02-13 14:04:22 com_github_MitjaNemec_ReplicateLayout.replicate_layout 895:found match in dst footprint: 'C26'
02-13 14:04:22 com_github_MitjaNemec_ReplicateLayout.replicate_layout 990:Src text UUid:ddbcf641-621f-4c88-ad52-50d3a7c92faf
02-13 14:04:22 com_github_MitjaNemec_ReplicateLayout.replicate_layout 991:Dst text UUid:2f1a6668-d3e6-44d3-ad81-4ede8a475eee
02-13 14:04:22 com_github_MitjaNemec_ReplicateLayout.replicate_layout 990:Src text UUid:39606f35-0127-4dc8-8757-758331b408a1
02-13 14:04:22 com_github_MitjaNemec_ReplicateLayout.replicate_layout 991:Dst text UUid:8e131fa6-c1ce-48d5-be1e-66780b8098d1
02-13 14:04:22 com_github_MitjaNemec_ReplicateLayout.replicate_layout 990:Src text UUid:03ba1999-e985-4ee6-bf7c-d8ffaf74b3e2
02-13 14:04:22 com_github_MitjaNemec_ReplicateLayout.replicate_layout 991:Dst text UUid:02acfc28-750f-425b-82f9-b2fa535a0711
02-13 14:04:22 com_github_MitjaNemec_ReplicateLayout.replicate_layout 888:Replicating footprint: 'U5'
02-13 14:04:22 com_github_MitjaNemec_ReplicateLayout.replicate_layout 835:Src fp.id: '4C3693DF-CFC2-464C-8861-194331F96886'
02-13 14:04:22 com_github_MitjaNemec_ReplicateLayout.replicate_layout 839:Dst fp.id: '4C3693DF-CFC2-464C-8861-194331F96886'
02-13 14:04:22 com_github_MitjaNemec_ReplicateLayout.replicate_layout 895:found match in dst footprint: 'U7'
02-13 14:04:22 com_github_MitjaNemec_ReplicateLayout.replicate_layout 990:Src text UUid:02479059-538a-485f-a959-dd3f885bfde4
02-13 14:04:22 com_github_MitjaNemec_ReplicateLayout.replicate_layout 991:Dst text UUid:fdad5cbf-0201-4146-acf7-5f9f8a841ff3
02-13 14:04:22 com_github_MitjaNemec_ReplicateLayout.replicate_layout 990:Src text UUid:eaa1531b-e47b-4be8-bac8-29f5804ce458
02-13 14:04:22 com_github_MitjaNemec_ReplicateLayout.replicate_layout 991:Dst text UUid:115241fa-705a-4656-a5c6-03d259ce3112
02-13 14:04:22 com_github_MitjaNemec_ReplicateLayout.replicate_layout 990:Src text UUid:f8553d32-01d1-4743-9af6-0c2f58a934c8
02-13 14:04:22 com_github_MitjaNemec_ReplicateLayout.replicate_layout 991:Dst text UUid:d6481164-37b8-4485-bc5f-a3b3c44b2e6d
02-13 14:04:22 com_github_MitjaNemec_ReplicateLayout.replicate_layout 888:Replicating footprint: 'TP2'
02-13 14:04:22 com_github_MitjaNemec_ReplicateLayout.replicate_layout 835:Src fp.id: '4D63A90E-050C-4157-89D3-E0876F28DE51'
02-13 14:04:22 com_github_MitjaNemec_ReplicateLayout.replicate_layout 839:Dst fp.id: '4D63A90E-050C-4157-89D3-E0876F28DE51'
02-13 14:04:22 com_github_MitjaNemec_ReplicateLayout.replicate_layout 895:found match in dst footprint: 'TP3'
02-13 14:04:22 com_github_MitjaNemec_ReplicateLayout.replicate_layout 990:Src text UUid:e5157a60-42cd-41dd-8904-d75f2d4b44cc
02-13 14:04:22 com_github_MitjaNemec_ReplicateLayout.replicate_layout 991:Dst text UUid:9b58782d-fd94-43ae-b710-cf608ebbae07
02-13 14:04:22 com_github_MitjaNemec_ReplicateLayout.replicate_layout 990:Src text UUid:61946b50-54a1-45da-8ba2-061feeae0431
02-13 14:04:22 com_github_MitjaNemec_ReplicateLayout.replicate_layout 991:Dst text UUid:2d0f63c0-509b-4305-9e93-69962efc6450
02-13 14:04:22 com_github_MitjaNemec_ReplicateLayout.replicate_layout 990:Src text UUid:bf84df5e-3920-4fd4-9b2c-9f7afccb972e
02-13 14:04:22 com_github_MitjaNemec_ReplicateLayout.replicate_layout 991:Dst text UUid:e18cc4bc-135d-4d70-9c85-7ad1f790a9b7
02-13 14:04:22 com_github_MitjaNemec_ReplicateLayout.replicate_layout 888:Replicating footprint: 'Q3'
02-13 14:04:22 com_github_MitjaNemec_ReplicateLayout.replicate_layout 835:Src fp.id: '2E36414A-D061-4EFC-9DA9-EB5F15893852'
02-13 14:04:22 com_github_MitjaNemec_ReplicateLayout.replicate_layout 839:Dst fp.id: '2E36414A-D061-4EFC-9DA9-EB5F15893852'
02-13 14:04:22 com_github_MitjaNemec_ReplicateLayout.replicate_layout 895:found match in dst footprint: 'Q5'
02-13 14:04:22 com_github_MitjaNemec_ReplicateLayout.replicate_layout 990:Src text UUid:f025c712-3fbc-48c6-805c-bbfddfa2ed87
02-13 14:04:22 com_github_MitjaNemec_ReplicateLayout.replicate_layout 991:Dst text UUid:163fbd9c-2799-492d-a877-29b84f0d6427
02-13 14:04:22 com_github_MitjaNemec_ReplicateLayout.replicate_layout 990:Src text UUid:17d39770-7437-4b99-95cf-1b0dfe25a14a
02-13 14:04:22 com_github_MitjaNemec_ReplicateLayout.replicate_layout 991:Dst text UUid:a6f24109-e9d8-41af-ab29-81372638e90d
02-13 14:04:22 com_github_MitjaNemec_ReplicateLayout.replicate_layout 990:Src text UUid:b0c84fb5-40cd-42ed-96ea-d129b4acb499
02-13 14:04:22 com_github_MitjaNemec_ReplicateLayout.replicate_layout 991:Dst text UUid:dd3002d7-04d1-4a5a-8968-3c1adf4613d1
02-13 14:04:22 com_github_MitjaNemec_ReplicateLayout.replicate_layout 888:Replicating footprint: 'R11'
02-13 14:04:22 com_github_MitjaNemec_ReplicateLayout.replicate_layout 835:Src fp.id: '6F4B9C74-087D-4EBA-824F-0142323F4C27'
02-13 14:04:22 com_github_MitjaNemec_ReplicateLayout.replicate_layout 839:Dst fp.id: '6F4B9C74-087D-4EBA-824F-0142323F4C27'
02-13 14:04:22 com_github_MitjaNemec_ReplicateLayout.replicate_layout 895:found match in dst footprint: 'R14'
02-13 14:04:22 com_github_MitjaNemec_ReplicateLayout.replicate_layout 990:Src text UUid:11d8dcf5-ad22-49ab-8b8a-ef950f17f211
02-13 14:04:22 com_github_MitjaNemec_ReplicateLayout.replicate_layout 991:Dst text UUid:b667ee10-33fd-4014-96a7-f6c478374bfc
02-13 14:04:22 com_github_MitjaNemec_ReplicateLayout.replicate_layout 990:Src text UUid:ca721c28-5b05-479d-bb78-686523053fb6
02-13 14:04:22 com_github_MitjaNemec_ReplicateLayout.replicate_layout 991:Dst text UUid:579118ad-2d8e-44e4-a17e-3e240a0d14be
02-13 14:04:22 com_github_MitjaNemec_ReplicateLayout.replicate_layout 990:Src text UUid:2802bced-0041-45cd-9737-3863fbbbf888
02-13 14:04:22 com_github_MitjaNemec_ReplicateLayout.replicate_layout 991:Dst text UUid:93603ad2-2ae4-4910-a2db-a256f7195ee2
02-13 14:04:22 com_github_MitjaNemec_ReplicateLayout.replicate_layout 888:Replicating footprint: 'C23'
02-13 14:04:22 com_github_MitjaNemec_ReplicateLayout.replicate_layout 835:Src fp.id: '3CAEE432-BA47-4995-A979-D9F7673E25E2'
02-13 14:04:22 com_github_MitjaNemec_ReplicateLayout.replicate_layout 839:Dst fp.id: '3CAEE432-BA47-4995-A979-D9F7673E25E2'
02-13 14:04:22 com_github_MitjaNemec_ReplicateLayout.replicate_layout 895:found match in dst footprint: 'C27'
02-13 14:04:22 com_github_MitjaNemec_ReplicateLayout.replicate_layout 990:Src text UUid:9eb59be7-288c-4e5b-b5de-d85692ddd1b8
02-13 14:04:22 com_github_MitjaNemec_ReplicateLayout.replicate_layout 991:Dst text UUid:c59f07ed-71b7-495f-85ea-173964d40bfe
02-13 14:04:22 com_github_MitjaNemec_ReplicateLayout.replicate_layout 990:Src text UUid:406b792c-536c-41e2-8d94-8c5b2d58cc4d
02-13 14:04:22 com_github_MitjaNemec_ReplicateLayout.replicate_layout 991:Dst text UUid:756064b2-6dce-4fef-83c9-a0036cccd3bd
02-13 14:04:22 com_github_MitjaNemec_ReplicateLayout.replicate_layout 990:Src text UUid:5d048a59-0f7b-4a6a-b524-675faa49e671
02-13 14:04:22 com_github_MitjaNemec_ReplicateLayout.replicate_layout 991:Dst text UUid:bdd34b95-040b-4839-ada9-25db7acf9496
02-13 14:04:22 com_github_MitjaNemec_ReplicateLayout.replicate_layout 888:Replicating footprint: 'Q4'
02-13 14:04:22 root 345:updating GUI with: 92
02-13 14:04:22 com_github_MitjaNemec_ReplicateLayout.replicate_layout 835:Src fp.id: '67EA12B6-B805-4F81-89B9-0FD7057DBA91'
02-13 14:04:22 com_github_MitjaNemec_ReplicateLayout.replicate_layout 839:Dst fp.id: '67EA12B6-B805-4F81-89B9-0FD7057DBA91'
02-13 14:04:22 com_github_MitjaNemec_ReplicateLayout.replicate_layout 895:found match in dst footprint: 'Q6'
02-13 14:04:22 com_github_MitjaNemec_ReplicateLayout.replicate_layout 990:Src text UUid:a5fca174-cd00-41de-ae37-d327320c633d
02-13 14:04:22 com_github_MitjaNemec_ReplicateLayout.replicate_layout 991:Dst text UUid:04d77cd3-60c2-42f9-9dbc-c5e6b90cc6fb
02-13 14:04:22 com_github_MitjaNemec_ReplicateLayout.replicate_layout 990:Src text UUid:4e1fa266-fb25-40d3-a5e3-57cf8107d0af
02-13 14:04:22 com_github_MitjaNemec_ReplicateLayout.replicate_layout 991:Dst text UUid:b926df97-8644-4e9e-922f-f694ac8c3a36
02-13 14:04:22 com_github_MitjaNemec_ReplicateLayout.replicate_layout 990:Src text UUid:337a118e-ac6b-4e95-810e-ab8cd05623ec
02-13 14:04:22 com_github_MitjaNemec_ReplicateLayout.replicate_layout 991:Dst text UUid:75e7aa93-7b29-4958-a473-b86d165f9d61
02-13 14:04:22 com_github_MitjaNemec_ReplicateLayout.replicate_layout 888:Replicating footprint: 'D2'
02-13 14:04:22 com_github_MitjaNemec_ReplicateLayout.replicate_layout 835:Src fp.id: '699E7F58-0447-43C1-9217-61744EB1FBAE'
02-13 14:04:22 com_github_MitjaNemec_ReplicateLayout.replicate_layout 839:Dst fp.id: '699E7F58-0447-43C1-9217-61744EB1FBAE'
02-13 14:04:22 com_github_MitjaNemec_ReplicateLayout.replicate_layout 895:found match in dst footprint: 'D3'
02-13 14:04:22 com_github_MitjaNemec_ReplicateLayout.replicate_layout 990:Src text UUid:c281ff80-51b9-43fd-82ad-1df214ba60ca
02-13 14:04:22 com_github_MitjaNemec_ReplicateLayout.replicate_layout 991:Dst text UUid:520d1ab3-431c-44d5-8f0d-20174efe4583
02-13 14:04:22 com_github_MitjaNemec_ReplicateLayout.replicate_layout 990:Src text UUid:a1bbb03b-42ab-4bb9-8600-3cc53ca62ae7
02-13 14:04:22 com_github_MitjaNemec_ReplicateLayout.replicate_layout 991:Dst text UUid:4720293d-17f4-473d-9c36-18c7490add1f
02-13 14:04:22 com_github_MitjaNemec_ReplicateLayout.replicate_layout 990:Src text UUid:77969add-278e-4143-b114-b663af7e29b4
02-13 14:04:22 com_github_MitjaNemec_ReplicateLayout.replicate_layout 991:Dst text UUid:3dd8c6f5-7556-4fbc-a212-f2e72de48c80
02-13 14:04:22 com_github_MitjaNemec_ReplicateLayout.replicate_layout 888:Replicating footprint: 'C20'
02-13 14:04:22 com_github_MitjaNemec_ReplicateLayout.replicate_layout 835:Src fp.id: 'EC1E3174-70AE-473F-B46C-5C990411F4CE'
02-13 14:04:22 com_github_MitjaNemec_ReplicateLayout.replicate_layout 839:Dst fp.id: 'EC1E3174-70AE-473F-B46C-5C990411F4CE'
02-13 14:04:22 com_github_MitjaNemec_ReplicateLayout.replicate_layout 895:found match in dst footprint: 'C24'
02-13 14:04:22 com_github_MitjaNemec_ReplicateLayout.replicate_layout 990:Src text UUid:f6d916d1-8536-458b-8df4-acb7fad1af7b
02-13 14:04:22 com_github_MitjaNemec_ReplicateLayout.replicate_layout 991:Dst text UUid:dd767133-dc20-4a97-8a0e-ab936490ef42
02-13 14:04:22 com_github_MitjaNemec_ReplicateLayout.replicate_layout 990:Src text UUid:9e10be24-b1d1-406a-986b-8abce1640e72
02-13 14:04:22 com_github_MitjaNemec_ReplicateLayout.replicate_layout 991:Dst text UUid:276b98b5-3d05-465f-91e4-9b03264a2a56
02-13 14:04:22 com_github_MitjaNemec_ReplicateLayout.replicate_layout 990:Src text UUid:c061e934-5355-49df-9345-c96da63ea40c
02-13 14:04:22 com_github_MitjaNemec_ReplicateLayout.replicate_layout 991:Dst text UUid:f25172b7-58e8-4b4e-9a64-17686d93fad3
02-13 14:04:22 com_github_MitjaNemec_ReplicateLayout.replicate_layout 328:Removing tracks and zones, after footprint placement
02-13 14:04:22 root 340:updating GUI message: 'Removing zones and tracks'
02-13 14:04:22 com_github_MitjaNemec_ReplicateLayout.replicate_layout 1282:Remove bounding box top:71475000, bottom:103755000, Left:150565000, Right:169305000
02-13 14:04:22 com_github_MitjaNemec_ReplicateLayout.replicate_layout 1282:Remove bounding box top:71475000, bottom:103755000, Left:190565000, Right:209305000
02-13 14:04:22 root 340:updating GUI message: 'Replicating tracks'
02-13 14:04:22 com_github_MitjaNemec_ReplicateLayout.replicate_layout 1014:Replicating tracks
02-13 14:04:22 com_github_MitjaNemec_ReplicateLayout.replicate_layout 1020:Replicating tracks on sheet ['/phasedriver U/']
02-13 14:04:22 com_github_MitjaNemec_ReplicateLayout.replicate_layout 835:Src fp.id: '4D63A90E-050C-4157-89D3-E0876F28DE51'
02-13 14:04:22 com_github_MitjaNemec_ReplicateLayout.replicate_layout 839:Dst fp.id: '4D63A90E-050C-4157-89D3-E0876F28DE51'
02-13 14:04:22 com_github_MitjaNemec_ReplicateLayout.replicate_layout 792:Net pairs for sheet ['/phasedriver U/'] :[('+3V3', '+3V3'), ('Net-(D2-C)', 'Net-(D1-C)'), ('+12V', '+12V'), ('Net-(Q3-S)', 'Net-(Q1-S)'), ('Net-(Q4-G)', 'Net-(Q2-G)'), ('Net-(U5-HO)', 'Net-(U3-HO)'), ('/phasedriver V/HIN', '/phasedriver U/HIN'), ('/phasedriver V/LINN', '/phasedriver U/LINN'), ('GND', 'GND'), ('Net-(U5-LO)', 'Net-(U3-LO)'), ('/phasedriver V/AOUT', '/phasedriver U/AOUT'), ('Net-(Q4-S)', 'Net-(Q2-S)'), ('VCC', 'VCC'), ('Net-(Q3-G)', 'Net-(Q1-G)')]
02-13 14:04:22 com_github_MitjaNemec_ReplicateLayout.replicate_layout 1020:Replicating tracks on sheet ['/phasedriver W/']
02-13 14:04:22 com_github_MitjaNemec_ReplicateLayout.replicate_layout 835:Src fp.id: '4D63A90E-050C-4157-89D3-E0876F28DE51'
02-13 14:04:22 com_github_MitjaNemec_ReplicateLayout.replicate_layout 839:Dst fp.id: '4D63A90E-050C-4157-89D3-E0876F28DE51'
02-13 14:04:22 com_github_MitjaNemec_ReplicateLayout.replicate_layout 792:Net pairs for sheet ['/phasedriver W/'] :[('+3V3', '+3V3'), ('Net-(Q3-S)', 'Net-(Q5-S)'), ('Net-(Q4-G)', 'Net-(Q6-G)'), ('/phasedriver V/LINN', '/phasedriver W/LINN'), ('/phasedriver V/HIN', '/phasedriver W/HIN'), ('Net-(Q3-G)', 'Net-(Q5-G)'), ('GND', 'GND'), ('Net-(U5-LO)', 'Net-(U7-LO)'), ('+12V', '+12V'), ('Net-(Q4-S)', 'Net-(Q6-S)'), ('Net-(U5-HO)', 'Net-(U7-HO)'), ('/phasedriver V/AOUT', '/phasedriver W/AOUT'), ('VCC', 'VCC'), ('Net-(D2-C)', 'Net-(D3-C)')]
02-13 14:04:22 root 345:updating GUI with: 50
02-13 14:04:22 root 340:updating GUI message: 'Replicating zones'
02-13 14:04:22 com_github_MitjaNemec_ReplicateLayout.replicate_layout 1084:Replicating zones
02-13 14:04:22 com_github_MitjaNemec_ReplicateLayout.replicate_layout 1091:Replicating zones on sheet ['/phasedriver U/']
02-13 14:04:22 com_github_MitjaNemec_ReplicateLayout.replicate_layout 835:Src fp.id: '4D63A90E-050C-4157-89D3-E0876F28DE51'
02-13 14:04:22 com_github_MitjaNemec_ReplicateLayout.replicate_layout 839:Dst fp.id: '4D63A90E-050C-4157-89D3-E0876F28DE51'
02-13 14:04:22 com_github_MitjaNemec_ReplicateLayout.replicate_layout 792:Net pairs for sheet ['/phasedriver U/'] :[('+3V3', '+3V3'), ('Net-(D2-C)', 'Net-(D1-C)'), ('+12V', '+12V'), ('Net-(Q3-S)', 'Net-(Q1-S)'), ('Net-(Q4-G)', 'Net-(Q2-G)'), ('Net-(U5-HO)', 'Net-(U3-HO)'), ('/phasedriver V/HIN', '/phasedriver U/HIN'), ('/phasedriver V/LINN', '/phasedriver U/LINN'), ('GND', 'GND'), ('Net-(U5-LO)', 'Net-(U3-LO)'), ('/phasedriver V/AOUT', '/phasedriver U/AOUT'), ('Net-(Q4-S)', 'Net-(Q2-S)'), ('VCC', 'VCC'), ('Net-(Q3-G)', 'Net-(Q1-G)')]
02-13 14:04:22 com_github_MitjaNemec_ReplicateLayout.replicate_layout 1091:Replicating zones on sheet ['/phasedriver W/']
02-13 14:04:22 com_github_MitjaNemec_ReplicateLayout.replicate_layout 835:Src fp.id: '4D63A90E-050C-4157-89D3-E0876F28DE51'
02-13 14:04:22 com_github_MitjaNemec_ReplicateLayout.replicate_layout 839:Dst fp.id: '4D63A90E-050C-4157-89D3-E0876F28DE51'
02-13 14:04:22 com_github_MitjaNemec_ReplicateLayout.replicate_layout 792:Net pairs for sheet ['/phasedriver W/'] :[('+3V3', '+3V3'), ('Net-(Q3-S)', 'Net-(Q5-S)'), ('Net-(Q4-G)', 'Net-(Q6-G)'), ('/phasedriver V/LINN', '/phasedriver W/LINN'), ('/phasedriver V/HIN', '/phasedriver W/HIN'), ('Net-(Q3-G)', 'Net-(Q5-G)'), ('GND', 'GND'), ('Net-(U5-LO)', 'Net-(U7-LO)'), ('+12V', '+12V'), ('Net-(Q4-S)', 'Net-(Q6-S)'), ('Net-(U5-HO)', 'Net-(U7-HO)'), ('/phasedriver V/AOUT', '/phasedriver W/AOUT'), ('VCC', 'VCC'), ('Net-(D2-C)', 'Net-(D3-C)')]
02-13 14:04:22 root 340:updating GUI message: 'Replicating text'
02-13 14:04:22 com_github_MitjaNemec_ReplicateLayout.replicate_layout 1173:Replicating text
02-13 14:04:22 com_github_MitjaNemec_ReplicateLayout.replicate_layout 1180:Replicating text on sheet ['/phasedriver U/']
02-13 14:04:22 com_github_MitjaNemec_ReplicateLayout.replicate_layout 835:Src fp.id: '4D63A90E-050C-4157-89D3-E0876F28DE51'
02-13 14:04:22 com_github_MitjaNemec_ReplicateLayout.replicate_layout 839:Dst fp.id: '4D63A90E-050C-4157-89D3-E0876F28DE51'
02-13 14:04:22 com_github_MitjaNemec_ReplicateLayout.replicate_layout 1180:Replicating text on sheet ['/phasedriver W/']
02-13 14:04:22 com_github_MitjaNemec_ReplicateLayout.replicate_layout 835:Src fp.id: '4D63A90E-050C-4157-89D3-E0876F28DE51'
02-13 14:04:22 com_github_MitjaNemec_ReplicateLayout.replicate_layout 839:Dst fp.id: '4D63A90E-050C-4157-89D3-E0876F28DE51'
02-13 14:04:22 root 340:updating GUI message: 'Replicating drawings'
02-13 14:04:22 com_github_MitjaNemec_ReplicateLayout.replicate_layout 1224:Replicating drawings
02-13 14:04:22 com_github_MitjaNemec_ReplicateLayout.replicate_layout 1230:Replicating drawings on sheet ['/phasedriver U/']
02-13 14:04:22 com_github_MitjaNemec_ReplicateLayout.replicate_layout 835:Src fp.id: '4D63A90E-050C-4157-89D3-E0876F28DE51'
02-13 14:04:22 com_github_MitjaNemec_ReplicateLayout.replicate_layout 839:Dst fp.id: '4D63A90E-050C-4157-89D3-E0876F28DE51'
02-13 14:04:22 com_github_MitjaNemec_ReplicateLayout.replicate_layout 1230:Replicating drawings on sheet ['/phasedriver W/']
02-13 14:04:22 com_github_MitjaNemec_ReplicateLayout.replicate_layout 835:Src fp.id: '4D63A90E-050C-4157-89D3-E0876F28DE51'
02-13 14:04:22 com_github_MitjaNemec_ReplicateLayout.replicate_layout 839:Dst fp.id: '4D63A90E-050C-4157-89D3-E0876F28DE51'
02-13 14:04:23 com_github_MitjaNemec_ReplicateLayout.action_replicate_layout 264:Replication complete
